GNOME_KEYRING_CONTROL=/run/user/1000/keyring-5cKfsE
SSH_AUTH_SOCK=/run/user/1000/keyring-5cKfsE/ssh
GPG_AGENT_INFO=/run/user/1000/keyring-5cKfsE/gpg:0:1
GNOME_KEYRING_CONTROL=/run/user/1000/keyring-5cKfsE
SSH_AUTH_SOCK=/run/user/1000/keyring-5cKfsE/ssh
GPG_AGENT_INFO=/run/user/1000/keyring-5cKfsE/gpg:0:1
GNOME_KEYRING_CONTROL=/run/user/1000/keyring-5cKfsE
SSH_AUTH_SOCK=/run/user/1000/keyring-5cKfsE/ssh
GPG_AGENT_INFO=/run/user/1000/keyring-5cKfsE/gpg:0:1
GNOME_KEYRING_CONTROL=/run/user/1000/keyring-5cKfsE
SSH_AUTH_SOCK=/run/user/1000/keyring-5cKfsE/ssh
GPG_AGENT_INFO=/run/user/1000/keyring-5cKfsE/gpg:0:1
compiz (core) - Info: Loading plugin: core
compiz (core) - Info: Starting plugin: core
compiz (core) - Info: Loading plugin: ccp
compiz (core) - Info: Starting plugin: ccp
compizconfig - Info: Backend     : gsettings
compizconfig - Info: Integration : true
compizconfig - Info: Profile     : unity

** (process:8901): CRITICAL **: bluez.vala:104: GDBus.Error:org.bluez.Error.NoSuchAdapter: No such adapter

(process:8909): indicator-application-service-WARNING **: Unable to get watcher name 'org.kde.StatusNotifierWatcher'

(process:8909): indicator-application-service-WARNING **: Name Lost

(process:8887): GLib-GIO-WARNING **: g_settings_set_value: value for key 'visual-bell-type' in schema 'org.gnome.desktop.wm.preferences' is outside of valid range

(process:8887): GLib-GIO-WARNING **: g_settings_set_value: value for key 'visual-bell-type' in schema 'org.gnome.desktop.wm.preferences' is outside of valid range
compiz (core) - Info: Loading plugin: composite
compiz (core) - Info: Starting plugin: composite
compiz (core) - Info: Loading plugin: opengl
compiz (core) - Info: Unity is fully supported by your hardware.
compiz (core) - Info: Unity is fully supported by your hardware.
compiz (core) - Info: Starting plugin: opengl
compiz (core) - Info: Loading plugin: snap
compiz (core) - Info: Starting plugin: snap
compiz (core) - Info: Loading plugin: imgpng
compiz (core) - Info: Starting plugin: imgpng
compiz (core) - Info: Loading plugin: regex
compiz (core) - Info: Starting plugin: regex
compiz (core) - Info: Loading plugin: move
compiz (core) - Info: Starting plugin: move
compiz (core) - Info: Loading plugin: grid
compiz (core) - Info: Starting plugin: grid
compiz (core) - Info: Loading plugin: vpswitch
compiz (core) - Info: Starting plugin: vpswitch
compiz (core) - Info: Loading plugin: unitymtgrabhandles
compiz (core) - Info: Starting plugin: unitymtgrabhandles
compiz (core) - Info: Loading plugin: animation
compiz (core) - Info: Starting plugin: animation
compiz (core) - Info: Loading plugin: copytex
compiz (core) - Info: Starting plugin: copytex
compiz (core) - Info: Loading plugin: compiztoolbox
compiz (core) - Info: Starting plugin: compiztoolbox
compiz (core) - Info: Loading plugin: place
compiz (core) - Info: Starting plugin: place
compiz (core) - Info: Loading plugin: wall
compiz (core) - Info: Starting plugin: wall
compiz (core) - Info: Loading plugin: resize
compiz (core) - Info: Starting plugin: resize
compiz (core) - Info: Loading plugin: expo
compiz (core) - Info: Starting plugin: expo
compiz (core) - Info: Loading plugin: mousepoll
compiz (core) - Info: Starting plugin: mousepoll
compiz (core) - Info: Loading plugin: commands
compiz (core) - Info: Starting plugin: commands
compiz (core) - Info: Loading plugin: ezoom
compiz (core) - Info: Starting plugin: ezoom
compiz (core) - Info: Loading plugin: session
compiz (core) - Info: Starting plugin: session
I/O warning : failed to load external entity "/home/upota/.compiz/session/10532de0f2b8073463154207482117812300000087120001"
compiz (core) - Info: Loading plugin: fade
compiz (core) - Info: Starting plugin: fade
compiz (core) - Info: Loading plugin: workarounds
compiz (core) - Info: Starting plugin: workarounds
compiz (core) - Info: Loading plugin: scale
compiz (core) - Info: Starting plugin: scale
compiz (core) - Info: Loading plugin: unityshell
compiz (core) - Info: Starting plugin: unityshell
WARN  2018-11-12 18:07:08 unity.glib.dbus.server GLibDBusServer.cpp:579 Can't register object 'org.gnome.Shell' yet as we don't have a connection, waiting for it...
ERROR 2018-11-12 18:07:09 unity.debug.interface DebugDBusInterface.cpp:216 Unable to load entry point in libxpathselect: libxpathselect.so.1.4: cannot open shared object file: No such file or directory
WARN  2018-11-12 18:07:09 xim.controller XIMController.cpp:103 IBus natively supported.
WARN  2018-11-12 18:07:09 unity.glib.dbus.server GLibDBusServer.cpp:579 Can't register object 'com.canonical.Unity.Launcher' yet as we don't have a connection, waiting for it...
WARN  2018-11-12 18:07:10 unity.glib.dbus.server GLibDBusServer.cpp:579 Can't register object 'com.canonical.Unity.Dash' yet as we don't have a connection, waiting for it...
WARN  2018-11-12 18:07:10 unity.glib.dbus.server GLibDBusServer.cpp:579 Can't register object 'org.gnome.SessionManager.EndSessionDialog' yet as we don't have a connection, waiting for it...
WARN  2018-11-12 18:07:10 unity.glib.dbus.server GLibDBusServer.cpp:579 Can't register object 'com.canonical.Unity.Session' yet as we don't have a connection, waiting for it...
WARN  2018-11-12 18:07:10 unity.glib.dbus.server GLibDBusServer.cpp:579 Can't register object 'org.gnome.ScreenSaver' yet as we don't have a connection, waiting for it...
compiz (core) - Warn: Attempted to restack relative to 0x20000b9 which is not a child of the root window or a window compiz owns
WARN  2018-11-12 18:07:11 unity <unknown>:0 Failed to fetch xid: GDBus.Error:org.freedesktop.DBus.Error.UnknownMethod: No such interface 'org.ayatana.bamf.window' on object at path /org/ayatana/bamf/window/33554437
WARN  2018-11-12 18:07:11 unity <unknown>:0 Failed to fetch type: GDBus.Error:org.freedesktop.DBus.Error.UnknownMethod: No such interface 'org.ayatana.bamf.window' on object at path /org/ayatana/bamf/window/33554437
WARN  2018-11-12 18:07:11 unity <unknown>:0 Failed to fetch monitor: GDBus.Error:org.freedesktop.DBus.Error.UnknownMethod: No such interface 'org.ayatana.bamf.window' on object at path /org/ayatana/bamf/window/33554437
WARN  2018-11-12 18:07:11 unity <unknown>:0 Failed to fetch maximized state: GDBus.Error:org.freedesktop.DBus.Error.UnknownMethod: No such interface 'org.ayatana.bamf.window' on object at path /org/ayatana/bamf/window/33554437
WARN  2018-11-12 18:07:11 unity <unknown>:0 Failed to fetch xid: GDBus.Error:org.freedesktop.DBus.Error.UnknownMethod: No such interface 'org.ayatana.bamf.window' on object at path /org/ayatana/bamf/window/33554437
WARN  2018-11-12 18:07:11 unity <unknown>:0 Unable to fetch children: GDBus.Error:org.freedesktop.DBus.Error.UnknownMethod: No such interface 'org.ayatana.bamf.view' on object at path /org/ayatana/bamf/application/0x1a569a0

WARN  2018-11-12 18:07:11 unity <unknown>:0 Failed to fetch path: GDBus.Error:org.freedesktop.DBus.Error.UnknownMethod: No such interface 'org.ayatana.bamf.application' on object at path /org/ayatana/bamf/application/0x1a569a0
WARN  2018-11-12 18:07:11 unity <unknown>:0 Failed to fetch path: GDBus.Error:org.freedesktop.DBus.Error.UnknownMethod: No such interface 'org.ayatana.bamf.application' on object at path /org/ayatana/bamf/application/0x1a569a0
WARN  2018-11-12 18:07:11 unity <unknown>:0 Failed to fetch path: GDBus.Error:org.freedesktop.DBus.Error.UnknownMethod: No such interface 'org.ayatana.bamf.application' on object at path /org/ayatana/bamf/application/0x1a569a0
WARN  2018-11-12 18:07:11 unity <unknown>:0 Failed to fetch path: GDBus.Error:org.freedesktop.DBus.Error.UnknownMethod: No such interface 'org.ayatana.bamf.application' on object at path /org/ayatana/bamf/application/0x1a569a0
WARN  2018-11-12 18:07:11 unity <unknown>:0 Failed to fetch path: GDBus.Error:org.freedesktop.DBus.Error.UnknownMethod: No such interface 'org.ayatana.bamf.application' on object at path /org/ayatana/bamf/application/0x1a569a0
WARN  2018-11-12 18:07:11 unity <unknown>:0 Failed to fetch path: GDBus.Error:org.freedesktop.DBus.Error.UnknownMethod: No such interface 'org.ayatana.bamf.application' on object at path /org/ayatana/bamf/application/0x1a569a0
WARN  2018-11-12 18:07:11 unity <unknown>:0 Unable to fetch children: GDBus.Error:org.freedesktop.DBus.Error.UnknownMethod: No such interface 'org.ayatana.bamf.view' on object at path /org/ayatana/bamf/application/0x1a569a0

WARN  2018-11-12 18:07:11 unity <unknown>:0 Failed to fetch path: GDBus.Error:org.freedesktop.DBus.Error.UnknownMethod: No such interface 'org.ayatana.bamf.application' on object at path /org/ayatana/bamf/application/0x1a569a0
ERROR 2018-11-12 18:07:11 unity.glib.dbus.server GLibDBusServer.cpp:524 DBus name lost 'org.gnome.Shell'
ERROR 2018-11-12 18:07:11 unity.glib.dbus.server GLibDBusServer.cpp:524 DBus name lost 'com.canonical.Unity'

(nm-applet:8907): nm-applet-WARNING **: Could not find ShellVersion property on org.gnome.Shell after 5 tries

(zeitgeist-datahub:9141): GLib-GObject-WARNING **: invalid (NULL) pointer instance

(zeitgeist-datahub:9141): GLib-GObject-CRITICAL **: g_signal_connect_data: assertion 'G_TYPE_CHECK_INSTANCE (instance)' failed
Error loading .desktop file /usr/share/app-install/desktop/activity-log-manager:gnome-activity-log-manager-panel.desktop: constructor returned NULL
Error loading .desktop file /usr/share/applications/gnome-deja-dup-panel.desktop: constructor returned NULL
Error loading .desktop file /usr/share/app-install/desktop/deja-dup:gnome-deja-dup-panel.desktop: constructor returned NULL
Nautilus-Share-Message: Called "net usershare info" but it failed: 'net usershare' returned error 255: net usershare: cannot open usershare directory /var/lib/samba/usershares. Error No such file or directory
Please ask your system administrator to enable user sharing.

